2023-08-23T03:16:36.599Z [petshop-api] error POST  - Nome e Telefone são obrigatórios.
2023-08-23T03:16:51.442Z [petshop-api] info POST /proprietario - {"proprietario_id":1,"nome":"Hanna Karoline","telefone":"21977569848"}
2023-08-23T12:33:56.544Z [petshop-api] info GET /proprietario
2023-08-23T12:34:09.937Z [petshop-api] error PUT  - syntax error at or near ")"
2023-08-23T12:36:02.223Z [petshop-api] error PUT  - syntax error at or near ")"
2023-08-23T12:37:23.262Z [petshop-api] info GET /proprietario
2023-08-23T12:37:45.737Z [petshop-api] info POST /proprietario - {"proprietario_id":2,"nome":"Camilla Batista","telefone":"123456789"}
2023-08-23T12:37:49.812Z [petshop-api] info GET /proprietario
2023-08-23T12:37:55.521Z [petshop-api] info GET /proprietario
2023-08-23T12:37:59.306Z [petshop-api] info GET /proprietario
2023-08-23T12:38:02.893Z [petshop-api] info GET /proprietario
2023-08-23T12:38:06.992Z [petshop-api] info GET /proprietario
2023-08-23T12:38:12.938Z [petshop-api] error PUT  - syntax error at or near ")"
2023-08-23T12:38:20.400Z [petshop-api] info DELETE /proprietario
2023-08-23T12:38:24.096Z [petshop-api] info GET /proprietario
2023-08-23T12:38:29.417Z [petshop-api] info DELETE /proprietario
2023-08-23T12:38:33.207Z [petshop-api] info GET /proprietario
2023-08-23T12:38:39.176Z [petshop-api] info GET /proprietario
2023-08-23T12:39:38.871Z [petshop-api] info PUT /proprietario - {"proprietario_id":1,"nome":"Hanna Karoline s2","telefone":"21977569848"}
2023-08-23T12:39:42.983Z [petshop-api] info GET /proprietario
2023-08-23T12:39:55.537Z [petshop-api] info POST /proprietario - {"proprietario_id":3,"nome":"Camilla Batista","telefone":"123456789"}
2023-08-23T12:40:08.644Z [petshop-api] info POST /proprietario - {"proprietario_id":4,"nome":"Bernardo Batista","telefone":"22558899"}
2023-08-23T12:43:47.589Z [petshop-api] info GET /proprietario
2023-08-23T12:48:28.782Z [petshop-api] info GET /proprietario
2023-08-23T13:01:17.750Z [petshop-api] info GET /animal
2023-08-23T13:01:31.948Z [petshop-api] error POST  - null value in column "tipo" violates not-null constraint
2023-08-23T13:01:50.542Z [petshop-api] error POST  - null value in column "tipo" violates not-null constraint
2023-08-23T13:02:28.590Z [petshop-api] info POST /animal - {"animal_id":3,"nome":"Alvin","tipo":"cachorro","proprietario_id":1}
2023-08-23T13:03:34.212Z [petshop-api] info PUT /animal - {"animal_id":3,"nome":"Alvin s2","tipo":"cachorro","proprietario_id":1}
2023-08-23T13:03:41.378Z [petshop-api] info GET /animal
2023-08-23T13:03:57.354Z [petshop-api] info POST /animal - {"animal_id":4,"nome":"Ravena","tipo":"Gato","proprietario_id":1}
2023-08-23T13:04:02.268Z [petshop-api] info GET /animal
2023-08-23T13:04:07.655Z [petshop-api] info GET /proprietario
2023-08-23T13:04:32.681Z [petshop-api] info POST /animal - {"animal_id":5,"nome":"Lady","tipo":"Cachorro","proprietario_id":3}
2023-08-23T13:04:37.705Z [petshop-api] info GET /animal
2023-08-23T13:04:49.068Z [petshop-api] info GET /animal
2023-08-23T13:05:03.098Z [petshop-api] info GET /animal
2023-08-23T13:05:14.563Z [petshop-api] info GET /animal
2023-08-23T13:05:18.912Z [petshop-api] info GET /animal
2023-08-23T13:05:21.883Z [petshop-api] info GET /animal
2023-08-23T13:06:07.586Z [petshop-api] info GET /animal
2023-08-23T13:06:25.938Z [petshop-api] error DELETE  - update or delete on table "proprietarios" violates foreign key constraint "fk_proprietarios" on table "animais"
2023-08-23T13:07:09.880Z [petshop-api] info GET /animal
2023-08-23T13:11:10.118Z [petshop-api] info GET /animal
2023-08-23T13:11:20.773Z [petshop-api] info GET /animal
2023-08-23T13:15:48.613Z [petshop-api] error GET  - invalid input syntax for integer: "proprietario"
2023-08-23T13:16:59.832Z [petshop-api] info GET /animal/proprietario
2023-08-23T13:17:13.941Z [petshop-api] error DELETE  - update or delete on table "proprietarios" violates foreign key constraint "fk_proprietarios" on table "animais"
2023-08-23T13:23:53.328Z [petshop-api] info GET /animal/proprietario
2023-08-23T13:24:43.798Z [petshop-api] info POST /animal - {"animal_id":10,"nome":"Totó","tipo":"Cachorro","proprietario_id":6}
2023-08-23T13:24:53.005Z [petshop-api] info GET /animal/proprietario
2023-08-23T13:25:19.425Z [petshop-api] info GET /animal/proprietario
2023-08-23T13:25:49.232Z [petshop-api] info GET /animal
2023-08-23T13:26:16.975Z [petshop-api] info GET /proprietario
2023-08-23T13:27:11.350Z [petshop-api] info GET /animal
2023-08-23T13:27:23.575Z [petshop-api] info GET /proprietario
2023-08-23T13:28:02.393Z [petshop-api] info DELETE /animal
2023-08-23T13:28:29.043Z [petshop-api] info GET /animal/proprietario
2023-08-30T10:43:36.876Z [petshop-api] info GET /proprietario
2023-08-30T10:43:53.032Z [petshop-api] info GET /proprietario
2023-08-30T10:45:11.583Z [petshop-api] info GET /proprietario
2023-08-30T10:45:16.806Z [petshop-api] info GET /proprietario
2023-08-30T10:45:25.128Z [petshop-api] info GET /proprietario
2023-08-30T10:45:48.227Z [petshop-api] info POST /proprietario - {"proprietarioId":5,"nome":"Batista","telefone":"22558899"}
2023-08-30T10:45:52.846Z [petshop-api] info GET /proprietario
2023-08-30T10:46:23.356Z [petshop-api] info PUT /proprietario - {"proprietarioId":5,"nome":"Batistao","telefone":"21977569848"}
2023-08-30T10:46:28.320Z [petshop-api] info GET /proprietario
2023-08-30T10:46:36.092Z [petshop-api] error DELETE  - Proprietario is not defined
2023-08-30T10:46:46.908Z [petshop-api] info GET /proprietario
2023-08-30T10:51:50.618Z [petshop-api] error DELETE  - Proprietario is not defined
2023-08-30T10:53:31.300Z [petshop-api] error DELETE  - column animais.propriedade_id does not exist
2023-08-30T10:55:36.029Z [petshop-api] info DELETE /proprietario
2023-08-30T10:55:41.946Z [petshop-api] info GET /proprietario
2023-08-30T10:55:57.215Z [petshop-api] info GET /animal
2023-08-30T10:56:26.919Z [petshop-api] error POST  - Nome, Tipo e Proprietario ID são obrigatórios.
2023-08-30T10:56:39.609Z [petshop-api] info POST /animal - {"animalId":6,"nome":"Totó","tipo":"Cachorro","proprietarioId":4}
2023-08-30T10:56:46.101Z [petshop-api] info GET /animal
2023-08-30T10:57:51.392Z [petshop-api] error PUT  - getClient is not defined
2023-08-30T10:58:38.002Z [petshop-api] info PUT /animal - {"animalId":6,"nome":"Totó do bê","tipo":"cachorro","proprietarioId":4}
2023-08-30T10:58:45.817Z [petshop-api] info GET /animal
2023-08-30T10:59:03.581Z [petshop-api] info GET /animal
2023-08-30T10:59:12.998Z [petshop-api] info GET /animal/proprietario
2023-08-30T10:59:30.415Z [petshop-api] info DELETE /animal
2023-08-30T10:59:35.758Z [petshop-api] info GET /animal
2023-08-30T11:42:27.409Z [petshop-api] error POST  - ServicoService.createServico is not a function
2023-08-30T11:44:15.561Z [petshop-api] error POST  - ServicoService.createServico is not a function
2023-08-30T11:51:45.015Z [petshop-api] info POST /servico - {"servicoId":1,"descricao":"Banho","valor":"90","animalId":5}
2023-08-30T11:51:57.646Z [petshop-api] info GET /servico
2023-08-30T11:53:04.056Z [petshop-api] info GET /servico
2023-08-30T11:53:16.093Z [petshop-api] info GET /servico
2023-08-30T11:53:30.019Z [petshop-api] info GET /animal
2023-08-30T11:53:46.519Z [petshop-api] info POST /servico - {"servicoId":2,"descricao":"Banho","valor":"90","animalId":3}
2023-08-30T11:53:49.959Z [petshop-api] info GET /servico
2023-08-30T11:54:17.567Z [petshop-api] info GET /servico
2023-08-30T11:58:20.153Z [petshop-api] info GET /servico
2023-08-30T11:58:21.835Z [petshop-api] info GET /servico
2023-08-30T11:59:51.248Z [petshop-api] error GET  - Animal is not defined
2023-08-30T12:00:23.886Z [petshop-api] info GET /servico
2023-08-30T12:00:31.531Z [petshop-api] info GET /servico
2023-08-30T12:00:35.318Z [petshop-api] info GET /servico
2023-08-30T12:00:48.391Z [petshop-api] info GET /servico
2023-08-30T12:00:54.060Z [petshop-api] info GET /servico
2023-08-30T13:41:38.512Z [petshop-api] error POST  - Título e Descrição são obrigatórios.
2023-08-30T13:42:24.800Z [petshop-api] info POST /post
2023-08-30T13:44:24.824Z [petshop-api] info POST /post
2023-08-30T13:45:57.703Z [petshop-api] info POST /post
2023-08-30T13:49:55.873Z [petshop-api] info POST /post
2023-08-30T13:56:15.829Z [petshop-api] info POST /post
2023-08-30T14:00:15.724Z [petshop-api] info POST /post
2023-08-30T15:09:37.824Z [petshop-api] info GET /servico
2023-08-30T15:10:43.103Z [petshop-api] info POST /servico - {"servicoId":10,"descricao":"Consulta","valor":"200","animalId":5}
2023-08-30T15:10:54.098Z [petshop-api] info GET /servico
2023-08-30T15:11:28.384Z [petshop-api] info GET /servico
2023-08-30T15:11:47.480Z [petshop-api] info GET /servico
2023-08-30T15:12:03.097Z [petshop-api] info GET /animal
2023-08-30T15:12:17.570Z [petshop-api] info GET /proprietario
2023-08-30T15:13:01.599Z [petshop-api] info GET /animal
2023-08-30T15:13:30.978Z [petshop-api] info GET /servico
2023-08-30T15:13:42.889Z [petshop-api] info GET /servico
